# JRE version: Java(TM) SE Runtime Environment (7.0_51-b13) (build 1.7.0_51-b13)
# Java VM: Java HotSpot(TM) Client VM (24.51-b03 mixed mode windows-x86 )
Heap
 def new generation   total 20096K, used 13794K [0x038a0000, 0x04e60000, 0x08df0000)
  eden space 17920K,  71% used [0x038a0000, 0x04513180, 0x04a20000)
  from space 2176K,  48% used [0x04a20000, 0x04b258c0, 0x04c40000)
  to   space 2176K,   0% used [0x04c40000, 0x04c40000, 0x04e60000)
 tenured generation   total 44456K, used 15584K [0x08df0000, 0x0b95a000, 0x138a0000)
   the space 44456K,  35% used [0x08df0000, 0x09d282e8, 0x09d28400, 0x0b95a000)
 compacting perm gen  total 12288K, used 11588K [0x138a0000, 0x144a0000, 0x178a0000)
   the space 12288K,  94% used [0x138a0000, 0x143f10c8, 0x143f1200, 0x144a0000)
GC Heap History (10 events):
Event: 66.936 GC heap before
{Heap before GC invocations=71 (full 6):
 def new generation   total 20096K, used 18890K [0x038a0000, 0x04e60000, 0x08df0000)
  eden space 17920K, 100% used [0x038a0000, 0x04a20000, 0x04a20000)
  from space 2176K,  44% used [0x04c40000, 0x04d32868, 0x04e60000)
  to   space 2176K,   0% used [0x04a20000, 0x04a20000, 0x04c40000)
 tenured generation   total 44456K, used 15099K [0x08df0000, 0x0b95a000, 0x138a0000)
   the space 44456K,  33% used [0x08df0000, 0x09caec98, 0x09caee00, 0x0b95a000)
 compacting perm gen  total 12288K, used 11588K [0x138a0000, 0x144a0000, 0x178a0000)
   the space 12288K,  94% used [0x138a0000, 0x143f10c8, 0x143f1200, 0x144a0000)
No shared spaces configured.
Event: 66.940 GC heap after
Heap after GC invocations=72 (full 6):
 def new generation   total 20096K, used 1088K [0x038a0000, 0x04e60000, 0x08df0000)
  eden space 17920K,   0% used [0x038a0000, 0x038a0000, 0x04a20000)
  from space 2176K,  50% used [0x04a20000, 0x04b30290, 0x04c40000)
  to   space 2176K,   0% used [0x04c40000, 0x04c40000, 0x04e60000)
 tenured generation   total 44456K, used 15099K [0x08df0000, 0x0b95a000, 0x138a0000)
   the space 44456K,  33% used [0x08df0000, 0x09caec98, 0x09caee00, 0x0b95a000)
 compacting perm gen  total 12288K, used 11588K [0x138a0000, 0x144a0000, 0x178a0000)
   the space 12288K,  94% used [0x138a0000, 0x143f10c8, 0x143f1200, 0x144a0000)
No shared spaces configured.
}
Event: 71.051 GC heap before
{Heap before GC invocations=72 (full 6):
 def new generation   total 20096K, used 19008K [0x038a0000, 0x04e60000, 0x08df0000)
  eden space 17920K, 100% used [0x038a0000, 0x04a20000, 0x04a20000)
  from space 2176K,  50% used [0x04a20000, 0x04b30290, 0x04c40000)
  to   space 2176K,   0% used [0x04c40000, 0x04c40000, 0x04e60000)
 tenured generation   total 44456K, used 15099K [0x08df0000, 0x0b95a000, 0x138a0000)
   the space 44456K,  33% used [0x08df0000, 0x09caec98, 0x09caee00, 0x0b95a000)
 compacting perm gen  total 12288K, used 11588K [0x138a0000, 0x144a0000, 0x178a0000)
   the space 12288K,  94% used [0x138a0000, 0x143f10c8, 0x143f1200, 0x144a0000)
No shared spaces configured.
Event: 71.055 GC heap after
Heap after GC invocations=73 (full 6):
 def new generation   total 20096K, used 905K [0x038a0000, 0x04e60000, 0x08df0000)
  eden space 17920K,   0% used [0x038a0000, 0x038a0000, 0x04a20000)
  from space 2176K,  41% used [0x04c40000, 0x04d22580, 0x04e60000)
  to   space 2176K,   0% used [0x04a20000, 0x04a20000, 0x04c40000)
 tenured generation   total 44456K, used 15396K [0x08df0000, 0x0b95a000, 0x138a0000)
   the space 44456K,  34% used [0x08df0000, 0x09cf90d0, 0x09cf9200, 0x0b95a000)
 compacting perm gen  total 12288K, used 11588K [0x138a0000, 0x144a0000, 0x178a0000)
   the space 12288K,  94% used [0x138a0000, 0x143f10c8, 0x143f1200, 0x144a0000)
No shared spaces configured.
}
Event: 75.202 GC heap before
{Heap before GC invocations=73 (full 6):
 def new generation   total 20096K, used 18825K [0x038a0000, 0x04e60000, 0x08df0000)
  eden space 17920K, 100% used [0x038a0000, 0x04a20000, 0x04a20000)
  from space 2176K,  41% used [0x04c40000, 0x04d22580, 0x04e60000)
  to   space 2176K,   0% used [0x04a20000, 0x04a20000, 0x04c40000)
 tenured generation   total 44456K, used 15396K [0x08df0000, 0x0b95a000, 0x138a0000)
   the space 44456K,  34% used [0x08df0000, 0x09cf90d0, 0x09cf9200, 0x0b95a000)
 compacting perm gen  total 12288K, used 11588K [0x138a0000, 0x144a0000, 0x178a0000)
   the space 12288K,  94% used [0x138a0000, 0x143f10c8, 0x143f1200, 0x144a0000)
No shared spaces configured.
Event: 75.206 GC heap after
Heap after GC invocations=74 (full 6):
 def new generation   total 20096K, used 983K [0x038a0000, 0x04e60000, 0x08df0000)
  eden space 17920K,   0% used [0x038a0000, 0x038a0000, 0x04a20000)
  from space 2176K,  45% used [0x04a20000, 0x04b15f18, 0x04c40000)
  to   space 2176K,   0% used [0x04c40000, 0x04c40000, 0x04e60000)
 tenured generation   total 44456K, used 15396K [0x08df0000, 0x0b95a000, 0x138a0000)
   the space 44456K,  34% used [0x08df0000, 0x09cf90d0, 0x09cf9200, 0x0b95a000)
 compacting perm gen  total 12288K, used 11588K [0x138a0000, 0x144a0000, 0x178a0000)
   the space 12288K,  94% used [0x138a0000, 0x143f10c8, 0x143f1200, 0x144a0000)
No shared spaces configured.
}
Event: 79.485 GC heap before
{Heap before GC invocations=74 (full 6):
 def new generation   total 20096K, used 18903K [0x038a0000, 0x04e60000, 0x08df0000)
  eden space 17920K, 100% used [0x038a0000, 0x04a20000, 0x04a20000)
  from space 2176K,  45% used [0x04a20000, 0x04b15f18, 0x04c40000)
  to   space 2176K,   0% used [0x04c40000, 0x04c40000, 0x04e60000)
 tenured generation   total 44456K, used 15396K [0x08df0000, 0x0b95a000, 0x138a0000)
   the space 44456K,  34% used [0x08df0000, 0x09cf90d0, 0x09cf9200, 0x0b95a000)
 compacting perm gen  total 12288K, used 11588K [0x138a0000, 0x144a0000, 0x178a0000)
   the space 12288K,  94% used [0x138a0000, 0x143f10c8, 0x143f1200, 0x144a0000)
No shared spaces configured.
Event: 79.489 GC heap after
Heap after GC invocations=75 (full 6):
 def new generation   total 20096K, used 1114K [0x038a0000, 0x04e60000, 0x08df0000)
  eden space 17920K,   0% used [0x038a0000, 0x038a0000, 0x04a20000)
  from space 2176K,  51% used [0x04c40000, 0x04d56b38, 0x04e60000)
  to   space 2176K,   0% used [0x04a20000, 0x04a20000, 0x04c40000)
 tenured generation   total 44456K, used 15396K [0x08df0000, 0x0b95a000, 0x138a0000)
   the space 44456K,  34% used [0x08df0000, 0x09cf90d0, 0x09cf9200, 0x0b95a000)
 compacting perm gen  total 12288K, used 11588K [0x138a0000, 0x144a0000, 0x178a0000)
   the space 12288K,  94% used [0x138a0000, 0x143f10c8, 0x143f1200, 0x144a0000)
No shared spaces configured.
}
Event: 83.485 GC heap before
{Heap before GC invocations=75 (full 6):
 def new generation   total 20096K, used 19034K [0x038a0000, 0x04e60000, 0x08df0000)
  eden space 17920K, 100% used [0x038a0000, 0x04a20000, 0x04a20000)
  from space 2176K,  51% used [0x04c40000, 0x04d56b38, 0x04e60000)
  to   space 2176K,   0% used [0x04a20000, 0x04a20000, 0x04c40000)
 tenured generation   total 44456K, used 15396K [0x08df0000, 0x0b95a000, 0x138a0000)
   the space 44456K,  34% used [0x08df0000, 0x09cf90d0, 0x09cf9200, 0x0b95a000)
 compacting perm gen  total 12288K, used 11588K [0x138a0000, 0x144a0000, 0x178a0000)
   the space 12288K,  94% used [0x138a0000, 0x143f10c8, 0x143f1200, 0x144a0000)
No shared spaces configured.
Event: 83.489 GC heap after
Heap after GC invocations=76 (full 6):
 def new generation   total 20096K, used 1046K [0x038a0000, 0x04e60000, 0x08df0000)
  eden space 17920K,   0% used [0x038a0000, 0x038a0000, 0x04a20000)
  from space 2176K,  48% used [0x04a20000, 0x04b258c0, 0x04c40000)
  to   space 2176K,   0% used [0x04c40000, 0x04c40000, 0x04e60000)
 tenured generation   total 44456K, used 15584K [0x08df0000, 0x0b95a000, 0x138a0000)
   the space 44456K,  35% used [0x08df0000, 0x09d282e8, 0x09d28400, 0x0b95a000)
 compacting perm gen  total 12288K, used 11588K [0x138a0000, 0x144a0000, 0x178a0000)
   the space 12288K,  94% used [0x138a0000, 0x143f10c8, 0x143f1200, 0x144a0000)
No shared spaces configured.
}

