# JRE version: Java(TM) SE Runtime Environment (7.0_51-b13) (build 1.7.0_51-b13)
# Java VM: Java HotSpot(TM) Client VM (24.51-b03 mixed mode windows-x86 )
Heap
 def new generation   total 19968K, used 18088K [0x038e0000, 0x04e80000, 0x08e30000)
  eden space 17792K,  95% used [0x038e0000, 0x0496d5f8, 0x04a40000)
  from space 2176K,  52% used [0x04a40000, 0x04b5cd00, 0x04c60000)
  to   space 2176K,   0% used [0x04c60000, 0x04c60000, 0x04e80000)
 tenured generation   total 44248K, used 14606K [0x08e30000, 0x0b966000, 0x138e0000)
   the space 44248K,  33% used [0x08e30000, 0x09c73820, 0x09c73a00, 0x0b966000)
 compacting perm gen  total 12288K, used 11587K [0x138e0000, 0x144e0000, 0x178e0000)
   the space 12288K,  94% used [0x138e0000, 0x14430cb8, 0x14430e00, 0x144e0000)
GC Heap History (10 events):
Event: 49.565 GC heap before
{Heap before GC invocations=67 (full 6):
 def new generation   total 19968K, used 18688K [0x038e0000, 0x04e80000, 0x08e30000)
  eden space 17792K, 100% used [0x038e0000, 0x04a40000, 0x04a40000)
  from space 2176K,  41% used [0x04c60000, 0x04d400d0, 0x04e80000)
  to   space 2176K,   0% used [0x04a40000, 0x04a40000, 0x04c60000)
 tenured generation   total 44248K, used 14021K [0x08e30000, 0x0b966000, 0x138e0000)
   the space 44248K,  31% used [0x08e30000, 0x09be1770, 0x09be1800, 0x0b966000)
 compacting perm gen  total 12288K, used 11587K [0x138e0000, 0x144e0000, 0x178e0000)
   the space 12288K,  94% used [0x138e0000, 0x14430c78, 0x14430e00, 0x144e0000)
No shared spaces configured.
Event: 49.570 GC heap after
Heap after GC invocations=68 (full 6):
 def new generation   total 19968K, used 952K [0x038e0000, 0x04e80000, 0x08e30000)
  eden space 17792K,   0% used [0x038e0000, 0x038e0000, 0x04a40000)
  from space 2176K,  43% used [0x04a40000, 0x04b2e310, 0x04c60000)
  to   space 2176K,   0% used [0x04c60000, 0x04c60000, 0x04e80000)
 tenured generation   total 44248K, used 14021K [0x08e30000, 0x0b966000, 0x138e0000)
   the space 44248K,  31% used [0x08e30000, 0x09be1770, 0x09be1800, 0x0b966000)
 compacting perm gen  total 12288K, used 11587K [0x138e0000, 0x144e0000, 0x178e0000)
   the space 12288K,  94% used [0x138e0000, 0x14430c78, 0x14430e00, 0x144e0000)
No shared spaces configured.
}
Event: 60.449 GC heap before
{Heap before GC invocations=68 (full 6):
 def new generation   total 19968K, used 18744K [0x038e0000, 0x04e80000, 0x08e30000)
  eden space 17792K, 100% used [0x038e0000, 0x04a40000, 0x04a40000)
  from space 2176K,  43% used [0x04a40000, 0x04b2e310, 0x04c60000)
  to   space 2176K,   0% used [0x04c60000, 0x04c60000, 0x04e80000)
 tenured generation   total 44248K, used 14021K [0x08e30000, 0x0b966000, 0x138e0000)
   the space 44248K,  31% used [0x08e30000, 0x09be1770, 0x09be1800, 0x0b966000)
 compacting perm gen  total 12288K, used 11587K [0x138e0000, 0x144e0000, 0x178e0000)
   the space 12288K,  94% used [0x138e0000, 0x14430c98, 0x14430e00, 0x144e0000)
No shared spaces configured.
Event: 60.453 GC heap after
Heap after GC invocations=69 (full 6):
 def new generation   total 19968K, used 1181K [0x038e0000, 0x04e80000, 0x08e30000)
  eden space 17792K,   0% used [0x038e0000, 0x038e0000, 0x04a40000)
  from space 2176K,  54% used [0x04c60000, 0x04d876f8, 0x04e80000)
  to   space 2176K,   0% used [0x04a40000, 0x04a40000, 0x04c60000)
 tenured generation   total 44248K, used 14021K [0x08e30000, 0x0b966000, 0x138e0000)
   the space 44248K,  31% used [0x08e30000, 0x09be1770, 0x09be1800, 0x0b966000)
 compacting perm gen  total 12288K, used 11587K [0x138e0000, 0x144e0000, 0x178e0000)
   the space 12288K,  94% used [0x138e0000, 0x14430c98, 0x14430e00, 0x144e0000)
No shared spaces configured.
}
Event: 69.111 GC heap before
{Heap before GC invocations=69 (full 6):
 def new generation   total 19968K, used 18973K [0x038e0000, 0x04e80000, 0x08e30000)
  eden space 17792K, 100% used [0x038e0000, 0x04a40000, 0x04a40000)
  from space 2176K,  54% used [0x04c60000, 0x04d876f8, 0x04e80000)
  to   space 2176K,   0% used [0x04a40000, 0x04a40000, 0x04c60000)
 tenured generation   total 44248K, used 14021K [0x08e30000, 0x0b966000, 0x138e0000)
   the space 44248K,  31% used [0x08e30000, 0x09be1770, 0x09be1800, 0x0b966000)
 compacting perm gen  total 12288K, used 11587K [0x138e0000, 0x144e0000, 0x178e0000)
   the space 12288K,  94% used [0x138e0000, 0x14430cb8, 0x14430e00, 0x144e0000)
No shared spaces configured.
Event: 69.116 GC heap after
Heap after GC invocations=70 (full 6):
 def new generation   total 19968K, used 1295K [0x038e0000, 0x04e80000, 0x08e30000)
  eden space 17792K,   0% used [0x038e0000, 0x038e0000, 0x04a40000)
  from space 2176K,  59% used [0x04a40000, 0x04b83ea8, 0x04c60000)
  to   space 2176K,   0% used [0x04c60000, 0x04c60000, 0x04e80000)
 tenured generation   total 44248K, used 14129K [0x08e30000, 0x0b966000, 0x138e0000)
   the space 44248K,  31% used [0x08e30000, 0x09bfc540, 0x09bfc600, 0x0b966000)
 compacting perm gen  total 12288K, used 11587K [0x138e0000, 0x144e0000, 0x178e0000)
   the space 12288K,  94% used [0x138e0000, 0x14430cb8, 0x14430e00, 0x144e0000)
No shared spaces configured.
}
Event: 76.592 GC heap before
{Heap before GC invocations=70 (full 6):
 def new generation   total 19968K, used 19087K [0x038e0000, 0x04e80000, 0x08e30000)
  eden space 17792K, 100% used [0x038e0000, 0x04a40000, 0x04a40000)
  from space 2176K,  59% used [0x04a40000, 0x04b83ea8, 0x04c60000)
  to   space 2176K,   0% used [0x04c60000, 0x04c60000, 0x04e80000)
 tenured generation   total 44248K, used 14129K [0x08e30000, 0x0b966000, 0x138e0000)
   the space 44248K,  31% used [0x08e30000, 0x09bfc540, 0x09bfc600, 0x0b966000)
 compacting perm gen  total 12288K, used 11587K [0x138e0000, 0x144e0000, 0x178e0000)
   the space 12288K,  94% used [0x138e0000, 0x14430cb8, 0x14430e00, 0x144e0000)
No shared spaces configured.
Event: 76.597 GC heap after
Heap after GC invocations=71 (full 6):
 def new generation   total 19968K, used 973K [0x038e0000, 0x04e80000, 0x08e30000)
  eden space 17792K,   0% used [0x038e0000, 0x038e0000, 0x04a40000)
  from space 2176K,  44% used [0x04c60000, 0x04d53740, 0x04e80000)
  to   space 2176K,   0% used [0x04a40000, 0x04a40000, 0x04c60000)
 tenured generation   total 44248K, used 14606K [0x08e30000, 0x0b966000, 0x138e0000)
   the space 44248K,  33% used [0x08e30000, 0x09c73820, 0x09c73a00, 0x0b966000)
 compacting perm gen  total 12288K, used 11587K [0x138e0000, 0x144e0000, 0x178e0000)
   the space 12288K,  94% used [0x138e0000, 0x14430cb8, 0x14430e00, 0x144e0000)
No shared spaces configured.
}
Event: 83.226 GC heap before
{Heap before GC invocations=71 (full 6):
 def new generation   total 19968K, used 18765K [0x038e0000, 0x04e80000, 0x08e30000)
  eden space 17792K, 100% used [0x038e0000, 0x04a40000, 0x04a40000)
  from space 2176K,  44% used [0x04c60000, 0x04d53740, 0x04e80000)
  to   space 2176K,   0% used [0x04a40000, 0x04a40000, 0x04c60000)
 tenured generation   total 44248K, used 14606K [0x08e30000, 0x0b966000, 0x138e0000)
   the space 44248K,  33% used [0x08e30000, 0x09c73820, 0x09c73a00, 0x0b966000)
 compacting perm gen  total 12288K, used 11587K [0x138e0000, 0x144e0000, 0x178e0000)
   the space 12288K,  94% used [0x138e0000, 0x14430cb8, 0x14430e00, 0x144e0000)
No shared spaces configured.
Event: 83.234 GC heap after
Heap after GC invocations=72 (full 6):
 def new generation   total 19968K, used 1139K [0x038e0000, 0x04e80000, 0x08e30000)
  eden space 17792K,   0% used [0x038e0000, 0x038e0000, 0x04a40000)
  from space 2176K,  52% used [0x04a40000, 0x04b5cd00, 0x04c60000)
  to   space 2176K,   0% used [0x04c60000, 0x04c60000, 0x04e80000)
 tenured generation   total 44248K, used 14606K [0x08e30000, 0x0b966000, 0x138e0000)
   the space 44248K,  33% used [0x08e30000, 0x09c73820, 0x09c73a00, 0x0b966000)
 compacting perm gen  total 12288K, used 11587K [0x138e0000, 0x144e0000, 0x178e0000)
   the space 12288K,  94% used [0x138e0000, 0x14430cb8, 0x14430e00, 0x144e0000)
No shared spaces configured.
}

