# JRE version: Java(TM) SE Runtime Environment (7.0_51-b13) (build 1.7.0_51-b13)
# Java VM: Java HotSpot(TM) Client VM (24.51-b03 mixed mode windows-x86 )
Heap
 def new generation   total 20096K, used 1412K [0x037e0000, 0x04da0000, 0x08d30000)
  eden space 17920K,   1% used [0x037e0000, 0x03838890, 0x04960000)
  from space 2176K,  48% used [0x04b80000, 0x04c889d8, 0x04da0000)
  to   space 2176K,   0% used [0x04960000, 0x04960000, 0x04b80000)
 tenured generation   total 44396K, used 27007K [0x08d30000, 0x0b88b000, 0x137e0000)
   the space 44396K,  60% used [0x08d30000, 0x0a78fe50, 0x0a790000, 0x0b88b000)
 compacting perm gen  total 12288K, used 11635K [0x137e0000, 0x143e0000, 0x177e0000)
   the space 12288K,  94% used [0x137e0000, 0x1433cc88, 0x1433ce00, 0x143e0000)
GC Heap History (10 events):
Event: 44.601 GC heap before
{Heap before GC invocations=68 (full 6):
 def new generation   total 20096K, used 18132K [0x037e0000, 0x04da0000, 0x08d30000)
  eden space 17920K, 100% used [0x037e0000, 0x04960000, 0x04960000)
  from space 2176K,   9% used [0x04960000, 0x04995188, 0x04b80000)
  to   space 2176K,   0% used [0x04b80000, 0x04b80000, 0x04da0000)
 tenured generation   total 44396K, used 27007K [0x08d30000, 0x0b88b000, 0x137e0000)
   the space 44396K,  60% used [0x08d30000, 0x0a78fe50, 0x0a790000, 0x0b88b000)
 compacting perm gen  total 12288K, used 11629K [0x137e0000, 0x143e0000, 0x177e0000)
   the space 12288K,  94% used [0x137e0000, 0x1433b5c0, 0x1433b600, 0x143e0000)
No shared spaces configured.
Event: 44.606 GC heap after
Heap after GC invocations=69 (full 6):
 def new generation   total 20096K, used 417K [0x037e0000, 0x04da0000, 0x08d30000)
  eden space 17920K,   0% used [0x037e0000, 0x037e0000, 0x04960000)
  from space 2176K,  19% used [0x04b80000, 0x04be84c8, 0x04da0000)
  to   space 2176K,   0% used [0x04960000, 0x04960000, 0x04b80000)
 tenured generation   total 44396K, used 27007K [0x08d30000, 0x0b88b000, 0x137e0000)
   the space 44396K,  60% used [0x08d30000, 0x0a78fe50, 0x0a790000, 0x0b88b000)
 compacting perm gen  total 12288K, used 11629K [0x137e0000, 0x143e0000, 0x177e0000)
   the space 12288K,  94% used [0x137e0000, 0x1433b5c0, 0x1433b600, 0x143e0000)
No shared spaces configured.
}
Event: 56.585 GC heap before
{Heap before GC invocations=69 (full 6):
 def new generation   total 20096K, used 18337K [0x037e0000, 0x04da0000, 0x08d30000)
  eden space 17920K, 100% used [0x037e0000, 0x04960000, 0x04960000)
  from space 2176K,  19% used [0x04b80000, 0x04be84c8, 0x04da0000)
  to   space 2176K,   0% used [0x04960000, 0x04960000, 0x04b80000)
 tenured generation   total 44396K, used 27007K [0x08d30000, 0x0b88b000, 0x137e0000)
   the space 44396K,  60% used [0x08d30000, 0x0a78fe50, 0x0a790000, 0x0b88b000)
 compacting perm gen  total 12288K, used 11629K [0x137e0000, 0x143e0000, 0x177e0000)
   the space 12288K,  94% used [0x137e0000, 0x1433b600, 0x1433b600, 0x143e0000)
No shared spaces configured.
Event: 56.588 GC heap after
Heap after GC invocations=70 (full 6):
 def new generation   total 20096K, used 587K [0x037e0000, 0x04da0000, 0x08d30000)
  eden space 17920K,   0% used [0x037e0000, 0x037e0000, 0x04960000)
  from space 2176K,  26% used [0x04960000, 0x049f2c50, 0x04b80000)
  to   space 2176K,   0% used [0x04b80000, 0x04b80000, 0x04da0000)
 tenured generation   total 44396K, used 27007K [0x08d30000, 0x0b88b000, 0x137e0000)
   the space 44396K,  60% used [0x08d30000, 0x0a78fe50, 0x0a790000, 0x0b88b000)
 compacting perm gen  total 12288K, used 11629K [0x137e0000, 0x143e0000, 0x177e0000)
   the space 12288K,  94% used [0x137e0000, 0x1433b600, 0x1433b600, 0x143e0000)
No shared spaces configured.
}
Event: 66.262 GC heap before
{Heap before GC invocations=70 (full 6):
 def new generation   total 20096K, used 18507K [0x037e0000, 0x04da0000, 0x08d30000)
  eden space 17920K, 100% used [0x037e0000, 0x04960000, 0x04960000)
  from space 2176K,  26% used [0x04960000, 0x049f2c50, 0x04b80000)
  to   space 2176K,   0% used [0x04b80000, 0x04b80000, 0x04da0000)
 tenured generation   total 44396K, used 27007K [0x08d30000, 0x0b88b000, 0x137e0000)
   the space 44396K,  60% used [0x08d30000, 0x0a78fe50, 0x0a790000, 0x0b88b000)
 compacting perm gen  total 12288K, used 11633K [0x137e0000, 0x143e0000, 0x177e0000)
   the space 12288K,  94% used [0x137e0000, 0x1433c570, 0x1433c600, 0x143e0000)
No shared spaces configured.
Event: 66.267 GC heap after
Heap after GC invocations=71 (full 6):
 def new generation   total 20096K, used 795K [0x037e0000, 0x04da0000, 0x08d30000)
  eden space 17920K,   0% used [0x037e0000, 0x037e0000, 0x04960000)
  from space 2176K,  36% used [0x04b80000, 0x04c46d68, 0x04da0000)
  to   space 2176K,   0% used [0x04960000, 0x04960000, 0x04b80000)
 tenured generation   total 44396K, used 27007K [0x08d30000, 0x0b88b000, 0x137e0000)
   the space 44396K,  60% used [0x08d30000, 0x0a78fe50, 0x0a790000, 0x0b88b000)
 compacting perm gen  total 12288K, used 11633K [0x137e0000, 0x143e0000, 0x177e0000)
   the space 12288K,  94% used [0x137e0000, 0x1433c570, 0x1433c600, 0x143e0000)
No shared spaces configured.
}
Event: 74.821 GC heap before
{Heap before GC invocations=71 (full 6):
 def new generation   total 20096K, used 18715K [0x037e0000, 0x04da0000, 0x08d30000)
  eden space 17920K, 100% used [0x037e0000, 0x04960000, 0x04960000)
  from space 2176K,  36% used [0x04b80000, 0x04c46d68, 0x04da0000)
  to   space 2176K,   0% used [0x04960000, 0x04960000, 0x04b80000)
 tenured generation   total 44396K, used 27007K [0x08d30000, 0x0b88b000, 0x137e0000)
   the space 44396K,  60% used [0x08d30000, 0x0a78fe50, 0x0a790000, 0x0b88b000)
 compacting perm gen  total 12288K, used 11635K [0x137e0000, 0x143e0000, 0x177e0000)
   the space 12288K,  94% used [0x137e0000, 0x1433cc88, 0x1433ce00, 0x143e0000)
No shared spaces configured.
Event: 74.825 GC heap after
Heap after GC invocations=72 (full 6):
 def new generation   total 20096K, used 964K [0x037e0000, 0x04da0000, 0x08d30000)
  eden space 17920K,   0% used [0x037e0000, 0x037e0000, 0x04960000)
  from space 2176K,  44% used [0x04960000, 0x04a51008, 0x04b80000)
  to   space 2176K,   0% used [0x04b80000, 0x04b80000, 0x04da0000)
 tenured generation   total 44396K, used 27007K [0x08d30000, 0x0b88b000, 0x137e0000)
   the space 44396K,  60% used [0x08d30000, 0x0a78fe50, 0x0a790000, 0x0b88b000)
 compacting perm gen  total 12288K, used 11635K [0x137e0000, 0x143e0000, 0x177e0000)
   the space 12288K,  94% used [0x137e0000, 0x1433cc88, 0x1433ce00, 0x143e0000)
No shared spaces configured.
}
Event: 82.688 GC heap before
{Heap before GC invocations=72 (full 6):
 def new generation   total 20096K, used 18884K [0x037e0000, 0x04da0000, 0x08d30000)
  eden space 17920K, 100% used [0x037e0000, 0x04960000, 0x04960000)
  from space 2176K,  44% used [0x04960000, 0x04a51008, 0x04b80000)
  to   space 2176K,   0% used [0x04b80000, 0x04b80000, 0x04da0000)
 tenured generation   total 44396K, used 27007K [0x08d30000, 0x0b88b000, 0x137e0000)
   the space 44396K,  60% used [0x08d30000, 0x0a78fe50, 0x0a790000, 0x0b88b000)
 compacting perm gen  total 12288K, used 11635K [0x137e0000, 0x143e0000, 0x177e0000)
   the space 12288K,  94% used [0x137e0000, 0x1433cc88, 0x1433ce00, 0x143e0000)
No shared spaces configured.
Event: 82.694 GC heap after
Heap after GC invocations=73 (full 6):
 def new generation   total 20096K, used 1058K [0x037e0000, 0x04da0000, 0x08d30000)
  eden space 17920K,   0% used [0x037e0000, 0x037e0000, 0x04960000)
  from space 2176K,  48% used [0x04b80000, 0x04c889d8, 0x04da0000)
  to   space 2176K,   0% used [0x04960000, 0x04960000, 0x04b80000)
 tenured generation   total 44396K, used 27007K [0x08d30000, 0x0b88b000, 0x137e0000)
   the space 44396K,  60% used [0x08d30000, 0x0a78fe50, 0x0a790000, 0x0b88b000)
 compacting perm gen  total 12288K, used 11635K [0x137e0000, 0x143e0000, 0x177e0000)
   the space 12288K,  94% used [0x137e0000, 0x1433cc88, 0x1433ce00, 0x143e0000)
No shared spaces configured.
}

