# JRE version: Java(TM) SE Runtime Environment (7.0_51-b13) (build 1.7.0_51-b13)
# Java VM: Java HotSpot(TM) Client VM (24.51-b03 mixed mode windows-x86 )
Heap
 def new generation   total 20032K, used 11385K [0x03900000, 0x04eb0000, 0x08e50000)
  eden space 17856K,  57% used [0x03900000, 0x0430d260, 0x04a70000)
  from space 2176K,  50% used [0x04a70000, 0x04b81300, 0x04c90000)
  to   space 2176K,   0% used [0x04c90000, 0x04c90000, 0x04eb0000)
 tenured generation   total 44348K, used 14416K [0x08e50000, 0x0b99f000, 0x13900000)
   the space 44348K,  32% used [0x08e50000, 0x09c64130, 0x09c64200, 0x0b99f000)
 compacting perm gen  total 12288K, used 11635K [0x13900000, 0x14500000, 0x17900000)
   the space 12288K,  94% used [0x13900000, 0x1445cea0, 0x1445d000, 0x14500000)
GC Heap History (10 events):
Event: 13.896 GC heap before
{Heap before GC invocations=65 (full 6):
 def new generation   total 20032K, used 17856K [0x03900000, 0x04eb0000, 0x08e50000)
  eden space 17856K, 100% used [0x03900000, 0x04a70000, 0x04a70000)
  from space 2176K,   0% used [0x04c90000, 0x04c90000, 0x04eb0000)
  to   space 2176K,   0% used [0x04a70000, 0x04a70000, 0x04c90000)
 tenured generation   total 44348K, used 14120K [0x08e50000, 0x0b99f000, 0x13900000)
   the space 44348K,  31% used [0x08e50000, 0x09c1a2e8, 0x09c1a400, 0x0b99f000)
 compacting perm gen  total 12288K, used 11564K [0x13900000, 0x14500000, 0x17900000)
   the space 12288K,  94% used [0x13900000, 0x1444b318, 0x1444b400, 0x14500000)
No shared spaces configured.
Event: 13.900 GC heap after
Heap after GC invocations=66 (full 6):
 def new generation   total 20032K, used 612K [0x03900000, 0x04eb0000, 0x08e50000)
  eden space 17856K,   0% used [0x03900000, 0x03900000, 0x04a70000)
  from space 2176K,  28% used [0x04a70000, 0x04b093e8, 0x04c90000)
  to   space 2176K,   0% used [0x04c90000, 0x04c90000, 0x04eb0000)
 tenured generation   total 44348K, used 14120K [0x08e50000, 0x0b99f000, 0x13900000)
   the space 44348K,  31% used [0x08e50000, 0x09c1a2e8, 0x09c1a400, 0x0b99f000)
 compacting perm gen  total 12288K, used 11564K [0x13900000, 0x14500000, 0x17900000)
   the space 12288K,  94% used [0x13900000, 0x1444b318, 0x1444b400, 0x14500000)
No shared spaces configured.
}
Event: 25.160 GC heap before
{Heap before GC invocations=66 (full 6):
 def new generation   total 20032K, used 18468K [0x03900000, 0x04eb0000, 0x08e50000)
  eden space 17856K, 100% used [0x03900000, 0x04a70000, 0x04a70000)
  from space 2176K,  28% used [0x04a70000, 0x04b093e8, 0x04c90000)
  to   space 2176K,   0% used [0x04c90000, 0x04c90000, 0x04eb0000)
 tenured generation   total 44348K, used 14120K [0x08e50000, 0x0b99f000, 0x13900000)
   the space 44348K,  31% used [0x08e50000, 0x09c1a2e8, 0x09c1a400, 0x0b99f000)
 compacting perm gen  total 12288K, used 11635K [0x13900000, 0x14500000, 0x17900000)
   the space 12288K,  94% used [0x13900000, 0x1445ccc0, 0x1445ce00, 0x14500000)
No shared spaces configured.
Event: 25.163 GC heap after
Heap after GC invocations=67 (full 6):
 def new generation   total 20032K, used 756K [0x03900000, 0x04eb0000, 0x08e50000)
  eden space 17856K,   0% used [0x03900000, 0x03900000, 0x04a70000)
  from space 2176K,  34% used [0x04c90000, 0x04d4d3c8, 0x04eb0000)
  to   space 2176K,   0% used [0x04a70000, 0x04a70000, 0x04c90000)
 tenured generation   total 44348K, used 14120K [0x08e50000, 0x0b99f000, 0x13900000)
   the space 44348K,  31% used [0x08e50000, 0x09c1a2e8, 0x09c1a400, 0x0b99f000)
 compacting perm gen  total 12288K, used 11635K [0x13900000, 0x14500000, 0x17900000)
   the space 12288K,  94% used [0x13900000, 0x1445ccc0, 0x1445ce00, 0x14500000)
No shared spaces configured.
}
Event: 37.626 GC heap before
{Heap before GC invocations=67 (full 6):
 def new generation   total 20032K, used 18612K [0x03900000, 0x04eb0000, 0x08e50000)
  eden space 17856K, 100% used [0x03900000, 0x04a70000, 0x04a70000)
  from space 2176K,  34% used [0x04c90000, 0x04d4d3c8, 0x04eb0000)
  to   space 2176K,   0% used [0x04a70000, 0x04a70000, 0x04c90000)
 tenured generation   total 44348K, used 14120K [0x08e50000, 0x0b99f000, 0x13900000)
   the space 44348K,  31% used [0x08e50000, 0x09c1a2e8, 0x09c1a400, 0x0b99f000)
 compacting perm gen  total 12288K, used 11635K [0x13900000, 0x14500000, 0x17900000)
   the space 12288K,  94% used [0x13900000, 0x1445cdd0, 0x1445ce00, 0x14500000)
No shared spaces configured.
Event: 37.629 GC heap after
Heap after GC invocations=68 (full 6):
 def new generation   total 20032K, used 941K [0x03900000, 0x04eb0000, 0x08e50000)
  eden space 17856K,   0% used [0x03900000, 0x03900000, 0x04a70000)
  from space 2176K,  43% used [0x04a70000, 0x04b5b780, 0x04c90000)
  to   space 2176K,   0% used [0x04c90000, 0x04c90000, 0x04eb0000)
 tenured generation   total 44348K, used 14120K [0x08e50000, 0x0b99f000, 0x13900000)
   the space 44348K,  31% used [0x08e50000, 0x09c1a2e8, 0x09c1a400, 0x0b99f000)
 compacting perm gen  total 12288K, used 11635K [0x13900000, 0x14500000, 0x17900000)
   the space 12288K,  94% used [0x13900000, 0x1445cdd0, 0x1445ce00, 0x14500000)
No shared spaces configured.
}
Event: 47.343 GC heap before
{Heap before GC invocations=68 (full 6):
 def new generation   total 20032K, used 18797K [0x03900000, 0x04eb0000, 0x08e50000)
  eden space 17856K, 100% used [0x03900000, 0x04a70000, 0x04a70000)
  from space 2176K,  43% used [0x04a70000, 0x04b5b780, 0x04c90000)
  to   space 2176K,   0% used [0x04c90000, 0x04c90000, 0x04eb0000)
 tenured generation   total 44348K, used 14120K [0x08e50000, 0x0b99f000, 0x13900000)
   the space 44348K,  31% used [0x08e50000, 0x09c1a2e8, 0x09c1a400, 0x0b99f000)
 compacting perm gen  total 12288K, used 11635K [0x13900000, 0x14500000, 0x17900000)
   the space 12288K,  94% used [0x13900000, 0x1445ce50, 0x1445d000, 0x14500000)
No shared spaces configured.
Event: 47.347 GC heap after
Heap after GC invocations=69 (full 6):
 def new generation   total 20032K, used 1103K [0x03900000, 0x04eb0000, 0x08e50000)
  eden space 17856K,   0% used [0x03900000, 0x03900000, 0x04a70000)
  from space 2176K,  50% used [0x04c90000, 0x04da3ff8, 0x04eb0000)
  to   space 2176K,   0% used [0x04a70000, 0x04a70000, 0x04c90000)
 tenured generation   total 44348K, used 14120K [0x08e50000, 0x0b99f000, 0x13900000)
   the space 44348K,  31% used [0x08e50000, 0x09c1a2e8, 0x09c1a400, 0x0b99f000)
 compacting perm gen  total 12288K, used 11635K [0x13900000, 0x14500000, 0x17900000)
   the space 12288K,  94% used [0x13900000, 0x1445ce50, 0x1445d000, 0x14500000)
No shared spaces configured.
}
Event: 55.142 GC heap before
{Heap before GC invocations=69 (full 6):
 def new generation   total 20032K, used 18959K [0x03900000, 0x04eb0000, 0x08e50000)
  eden space 17856K, 100% used [0x03900000, 0x04a70000, 0x04a70000)
  from space 2176K,  50% used [0x04c90000, 0x04da3ff8, 0x04eb0000)
  to   space 2176K,   0% used [0x04a70000, 0x04a70000, 0x04c90000)
 tenured generation   total 44348K, used 14120K [0x08e50000, 0x0b99f000, 0x13900000)
   the space 44348K,  31% used [0x08e50000, 0x09c1a2e8, 0x09c1a400, 0x0b99f000)
 compacting perm gen  total 12288K, used 11635K [0x13900000, 0x14500000, 0x17900000)
   the space 12288K,  94% used [0x13900000, 0x1445ce80, 0x1445d000, 0x14500000)
No shared spaces configured.
Event: 55.147 GC heap after
Heap after GC invocations=70 (full 6):
 def new generation   total 20032K, used 1092K [0x03900000, 0x04eb0000, 0x08e50000)
  eden space 17856K,   0% used [0x03900000, 0x03900000, 0x04a70000)
  from space 2176K,  50% used [0x04a70000, 0x04b81300, 0x04c90000)
  to   space 2176K,   0% used [0x04c90000, 0x04c90000, 0x04eb0000)
 tenured generation   total 44348K, used 14416K [0x08e50000, 0x0b99f000, 0x13900000)
   the space 44348K,  32% used [0x08e50000, 0x09c64130, 0x09c64200, 0x0b99f000)
 compacting perm gen  total 12288K, used 11635K [0x13900000, 0x14500000, 0x17900000)
   the space 12288K,  94% used [0x13900000, 0x1445ce80, 0x1445d000, 0x14500000)
No shared spaces configured.
}

