# JRE version: Java(TM) SE Runtime Environment (7.0_51-b13) (build 1.7.0_51-b13)
# Java VM: Java HotSpot(TM) Client VM (24.51-b03 mixed mode windows-x86 )
Heap
 def new generation   total 20032K, used 16867K [0x03930000, 0x04ee0000, 0x08e80000)
  eden space 17856K,  88% used [0x03930000, 0x04890df8, 0x04aa0000)
  from space 2176K,  51% used [0x04aa0000, 0x04bb7fc8, 0x04cc0000)
  to   space 2176K,   0% used [0x04cc0000, 0x04cc0000, 0x04ee0000)
 tenured generation   total 44316K, used 16016K [0x08e80000, 0x0b9c7000, 0x13930000)
   the space 44316K,  36% used [0x08e80000, 0x09e242a8, 0x09e24400, 0x0b9c7000)
 compacting perm gen  total 12288K, used 11637K [0x13930000, 0x14530000, 0x17930000)
   the space 12288K,  94% used [0x13930000, 0x1448d788, 0x1448d800, 0x14530000)
GC Heap History (10 events):
Event: 142.046 GC heap before
{Heap before GC invocations=85 (full 6):
 def new generation   total 20032K, used 18894K [0x03930000, 0x04ee0000, 0x08e80000)
  eden space 17856K, 100% used [0x03930000, 0x04aa0000, 0x04aa0000)
  from space 2176K,  47% used [0x04cc0000, 0x04dc3960, 0x04ee0000)
  to   space 2176K,   0% used [0x04aa0000, 0x04aa0000, 0x04cc0000)
 tenured generation   total 44316K, used 15702K [0x08e80000, 0x0b9c7000, 0x13930000)
   the space 44316K,  35% used [0x08e80000, 0x09dd5bd8, 0x09dd5c00, 0x0b9c7000)
 compacting perm gen  total 12288K, used 11637K [0x13930000, 0x14530000, 0x17930000)
   the space 12288K,  94% used [0x13930000, 0x1448d788, 0x1448d800, 0x14530000)
No shared spaces configured.
Event: 142.050 GC heap after
Heap after GC invocations=86 (full 6):
 def new generation   total 20032K, used 1166K [0x03930000, 0x04ee0000, 0x08e80000)
  eden space 17856K,   0% used [0x03930000, 0x03930000, 0x04aa0000)
  from space 2176K,  53% used [0x04aa0000, 0x04bc38b0, 0x04cc0000)
  to   space 2176K,   0% used [0x04cc0000, 0x04cc0000, 0x04ee0000)
 tenured generation   total 44316K, used 15702K [0x08e80000, 0x0b9c7000, 0x13930000)
   the space 44316K,  35% used [0x08e80000, 0x09dd5bd8, 0x09dd5c00, 0x0b9c7000)
 compacting perm gen  total 12288K, used 11637K [0x13930000, 0x14530000, 0x17930000)
   the space 12288K,  94% used [0x13930000, 0x1448d788, 0x1448d800, 0x14530000)
No shared spaces configured.
}
Event: 145.411 GC heap before
{Heap before GC invocations=86 (full 6):
 def new generation   total 20032K, used 19022K [0x03930000, 0x04ee0000, 0x08e80000)
  eden space 17856K, 100% used [0x03930000, 0x04aa0000, 0x04aa0000)
  from space 2176K,  53% used [0x04aa0000, 0x04bc38b0, 0x04cc0000)
  to   space 2176K,   0% used [0x04cc0000, 0x04cc0000, 0x04ee0000)
 tenured generation   total 44316K, used 15702K [0x08e80000, 0x0b9c7000, 0x13930000)
   the space 44316K,  35% used [0x08e80000, 0x09dd5bd8, 0x09dd5c00, 0x0b9c7000)
 compacting perm gen  total 12288K, used 11637K [0x13930000, 0x14530000, 0x17930000)
   the space 12288K,  94% used [0x13930000, 0x1448d788, 0x1448d800, 0x14530000)
No shared spaces configured.
Event: 145.415 GC heap after
Heap after GC invocations=87 (full 6):
 def new generation   total 20032K, used 1145K [0x03930000, 0x04ee0000, 0x08e80000)
  eden space 17856K,   0% used [0x03930000, 0x03930000, 0x04aa0000)
  from space 2176K,  52% used [0x04cc0000, 0x04dde758, 0x04ee0000)
  to   space 2176K,   0% used [0x04aa0000, 0x04aa0000, 0x04cc0000)
 tenured generation   total 44316K, used 15828K [0x08e80000, 0x0b9c7000, 0x13930000)
   the space 44316K,  35% used [0x08e80000, 0x09df5290, 0x09df5400, 0x0b9c7000)
 compacting perm gen  total 12288K, used 11637K [0x13930000, 0x14530000, 0x17930000)
   the space 12288K,  94% used [0x13930000, 0x1448d788, 0x1448d800, 0x14530000)
No shared spaces configured.
}
Event: 148.630 GC heap before
{Heap before GC invocations=87 (full 6):
 def new generation   total 20032K, used 19001K [0x03930000, 0x04ee0000, 0x08e80000)
  eden space 17856K, 100% used [0x03930000, 0x04aa0000, 0x04aa0000)
  from space 2176K,  52% used [0x04cc0000, 0x04dde758, 0x04ee0000)
  to   space 2176K,   0% used [0x04aa0000, 0x04aa0000, 0x04cc0000)
 tenured generation   total 44316K, used 15828K [0x08e80000, 0x0b9c7000, 0x13930000)
   the space 44316K,  35% used [0x08e80000, 0x09df5290, 0x09df5400, 0x0b9c7000)
 compacting perm gen  total 12288K, used 11637K [0x13930000, 0x14530000, 0x17930000)
   the space 12288K,  94% used [0x13930000, 0x1448d788, 0x1448d800, 0x14530000)
No shared spaces configured.
Event: 148.634 GC heap after
Heap after GC invocations=88 (full 6):
 def new generation   total 20032K, used 1137K [0x03930000, 0x04ee0000, 0x08e80000)
  eden space 17856K,   0% used [0x03930000, 0x03930000, 0x04aa0000)
  from space 2176K,  52% used [0x04aa0000, 0x04bbc470, 0x04cc0000)
  to   space 2176K,   0% used [0x04cc0000, 0x04cc0000, 0x04ee0000)
 tenured generation   total 44316K, used 15906K [0x08e80000, 0x0b9c7000, 0x13930000)
   the space 44316K,  35% used [0x08e80000, 0x09e08aa8, 0x09e08c00, 0x0b9c7000)
 compacting perm gen  total 12288K, used 11637K [0x13930000, 0x14530000, 0x17930000)
   the space 12288K,  94% used [0x13930000, 0x1448d788, 0x1448d800, 0x14530000)
No shared spaces configured.
}
Event: 151.796 GC heap before
{Heap before GC invocations=88 (full 6):
 def new generation   total 20032K, used 18993K [0x03930000, 0x04ee0000, 0x08e80000)
  eden space 17856K, 100% used [0x03930000, 0x04aa0000, 0x04aa0000)
  from space 2176K,  52% used [0x04aa0000, 0x04bbc470, 0x04cc0000)
  to   space 2176K,   0% used [0x04cc0000, 0x04cc0000, 0x04ee0000)
 tenured generation   total 44316K, used 15906K [0x08e80000, 0x0b9c7000, 0x13930000)
   the space 44316K,  35% used [0x08e80000, 0x09e08aa8, 0x09e08c00, 0x0b9c7000)
 compacting perm gen  total 12288K, used 11637K [0x13930000, 0x14530000, 0x17930000)
   the space 12288K,  94% used [0x13930000, 0x1448d788, 0x1448d800, 0x14530000)
No shared spaces configured.
Event: 151.800 GC heap after
Heap after GC invocations=89 (full 6):
 def new generation   total 20032K, used 1085K [0x03930000, 0x04ee0000, 0x08e80000)
  eden space 17856K,   0% used [0x03930000, 0x03930000, 0x04aa0000)
  from space 2176K,  49% used [0x04cc0000, 0x04dcf6f0, 0x04ee0000)
  to   space 2176K,   0% used [0x04aa0000, 0x04aa0000, 0x04cc0000)
 tenured generation   total 44316K, used 16016K [0x08e80000, 0x0b9c7000, 0x13930000)
   the space 44316K,  36% used [0x08e80000, 0x09e242a8, 0x09e24400, 0x0b9c7000)
 compacting perm gen  total 12288K, used 11637K [0x13930000, 0x14530000, 0x17930000)
   the space 12288K,  94% used [0x13930000, 0x1448d788, 0x1448d800, 0x14530000)
No shared spaces configured.
}
Event: 154.813 GC heap before
{Heap before GC invocations=89 (full 6):
 def new generation   total 20032K, used 18941K [0x03930000, 0x04ee0000, 0x08e80000)
  eden space 17856K, 100% used [0x03930000, 0x04aa0000, 0x04aa0000)
  from space 2176K,  49% used [0x04cc0000, 0x04dcf6f0, 0x04ee0000)
  to   space 2176K,   0% used [0x04aa0000, 0x04aa0000, 0x04cc0000)
 tenured generation   total 44316K, used 16016K [0x08e80000, 0x0b9c7000, 0x13930000)
   the space 44316K,  36% used [0x08e80000, 0x09e242a8, 0x09e24400, 0x0b9c7000)
 compacting perm gen  total 12288K, used 11637K [0x13930000, 0x14530000, 0x17930000)
   the space 12288K,  94% used [0x13930000, 0x1448d788, 0x1448d800, 0x14530000)
No shared spaces configured.
Event: 154.817 GC heap after
Heap after GC invocations=90 (full 6):
 def new generation   total 20032K, used 1119K [0x03930000, 0x04ee0000, 0x08e80000)
  eden space 17856K,   0% used [0x03930000, 0x03930000, 0x04aa0000)
  from space 2176K,  51% used [0x04aa0000, 0x04bb7fc8, 0x04cc0000)
  to   space 2176K,   0% used [0x04cc0000, 0x04cc0000, 0x04ee0000)
 tenured generation   total 44316K, used 16016K [0x08e80000, 0x0b9c7000, 0x13930000)
   the space 44316K,  36% used [0x08e80000, 0x09e242a8, 0x09e24400, 0x0b9c7000)
 compacting perm gen  total 12288K, used 11637K [0x13930000, 0x14530000, 0x17930000)
   the space 12288K,  94% used [0x13930000, 0x1448d788, 0x1448d800, 0x14530000)
No shared spaces configured.
}

