# JRE version: Java(TM) SE Runtime Environment (7.0_51-b13) (build 1.7.0_51-b13)
# Java VM: Java HotSpot(TM) Client VM (24.51-b03 mixed mode windows-x86 )
Heap
 def new generation   total 20096K, used 11846K [0x03850000, 0x04e10000, 0x08da0000)
  eden space 17920K,  61% used [0x03850000, 0x04328e78, 0x049d0000)
  from space 2176K,  33% used [0x049d0000, 0x04a88ae8, 0x04bf0000)
  to   space 2176K,   0% used [0x04bf0000, 0x04bf0000, 0x04e10000)
 tenured generation   total 44396K, used 14006K [0x08da0000, 0x0b8fb000, 0x13850000)
   the space 44396K,  31% used [0x08da0000, 0x09b4dbb8, 0x09b4dc00, 0x0b8fb000)
 compacting perm gen  total 12288K, used 11585K [0x13850000, 0x14450000, 0x17850000)
   the space 12288K,  94% used [0x13850000, 0x143a0470, 0x143a0600, 0x14450000)
GC Heap History (10 events):
Event: 10.365 GC heap before
{Heap before GC invocations=61 (full 5):
 def new generation   total 20096K, used 18119K [0x03850000, 0x04e10000, 0x08da0000)
  eden space 17920K, 100% used [0x03850000, 0x049d0000, 0x049d0000)
  from space 2176K,   9% used [0x04bf0000, 0x04c21f68, 0x04e10000)
  to   space 2176K,   0% used [0x049d0000, 0x049d0000, 0x04bf0000)
 tenured generation   total 44396K, used 38201K [0x08da0000, 0x0b8fb000, 0x13850000)
   the space 44396K,  86% used [0x08da0000, 0x0b2ee4f0, 0x0b2ee600, 0x0b8fb000)
 compacting perm gen  total 12288K, used 11300K [0x13850000, 0x14450000, 0x17850000)
   the space 12288K,  91% used [0x13850000, 0x143592b8, 0x14359400, 0x14450000)
No shared spaces configured.
Event: 10.369 GC heap after
Heap after GC invocations=62 (full 5):
 def new generation   total 20096K, used 2176K [0x03850000, 0x04e10000, 0x08da0000)
  eden space 17920K,   0% used [0x03850000, 0x03850000, 0x049d0000)
  from space 2176K, 100% used [0x049d0000, 0x04bf0000, 0x04bf0000)
  to   space 2176K,   0% used [0x04bf0000, 0x04bf0000, 0x04e10000)
 tenured generation   total 44396K, used 38260K [0x08da0000, 0x0b8fb000, 0x13850000)
   the space 44396K,  86% used [0x08da0000, 0x0b2fd2e0, 0x0b2fd400, 0x0b8fb000)
 compacting perm gen  total 12288K, used 11300K [0x13850000, 0x14450000, 0x17850000)
   the space 12288K,  91% used [0x13850000, 0x143592b8, 0x14359400, 0x14450000)
No shared spaces configured.
}
Event: 10.688 GC heap before
{Heap before GC invocations=62 (full 5):
 def new generation   total 20096K, used 20096K [0x03850000, 0x04e10000, 0x08da0000)
  eden space 17920K, 100% used [0x03850000, 0x049d0000, 0x049d0000)
  from space 2176K, 100% used [0x049d0000, 0x04bf0000, 0x04bf0000)
  to   space 2176K,   0% used [0x04bf0000, 0x04bf0000, 0x04e10000)
 tenured generation   total 44396K, used 38260K [0x08da0000, 0x0b8fb000, 0x13850000)
   the space 44396K,  86% used [0x08da0000, 0x0b2fd2e0, 0x0b2fd400, 0x0b8fb000)
 compacting perm gen  total 12288K, used 11301K [0x13850000, 0x14450000, 0x17850000)
   the space 12288K,  91% used [0x13850000, 0x14359738, 0x14359800, 0x14450000)
No shared spaces configured.
Event: 10.695 GC heap after
Heap after GC invocations=63 (full 5):
 def new generation   total 20096K, used 948K [0x03850000, 0x04e10000, 0x08da0000)
  eden space 17920K,   0% used [0x03850000, 0x03850000, 0x049d0000)
  from space 2176K,  43% used [0x04bf0000, 0x04cdd188, 0x04e10000)
  to   space 2176K,   0% used [0x049d0000, 0x049d0000, 0x04bf0000)
 tenured generation   total 44396K, used 42908K [0x08da0000, 0x0b8fb000, 0x13850000)
   the space 44396K,  96% used [0x08da0000, 0x0b787260, 0x0b787400, 0x0b8fb000)
 compacting perm gen  total 12288K, used 11301K [0x13850000, 0x14450000, 0x17850000)
   the space 12288K,  91% used [0x13850000, 0x14359738, 0x14359800, 0x14450000)
No shared spaces configured.
}
Event: 11.002 GC heap before
{Heap before GC invocations=63 (full 5):
 def new generation   total 20096K, used 18868K [0x03850000, 0x04e10000, 0x08da0000)
  eden space 17920K, 100% used [0x03850000, 0x049d0000, 0x049d0000)
  from space 2176K,  43% used [0x04bf0000, 0x04cdd188, 0x04e10000)
  to   space 2176K,   0% used [0x049d0000, 0x049d0000, 0x04bf0000)
 tenured generation   total 44396K, used 42908K [0x08da0000, 0x0b8fb000, 0x13850000)
   the space 44396K,  96% used [0x08da0000, 0x0b787260, 0x0b787400, 0x0b8fb000)
 compacting perm gen  total 12288K, used 11301K [0x13850000, 0x14450000, 0x17850000)
   the space 12288K,  91% used [0x13850000, 0x14359768, 0x14359800, 0x14450000)
No shared spaces configured.
Event: 11.051 GC heap after
Heap after GC invocations=64 (full 6):
 def new generation   total 20096K, used 0K [0x03850000, 0x04e10000, 0x08da0000)
  eden space 17920K,   0% used [0x03850000, 0x03850000, 0x049d0000)
  from space 2176K,   0% used [0x049d0000, 0x049d0000, 0x04bf0000)
  to   space 2176K,   0% used [0x04bf0000, 0x04bf0000, 0x04e10000)
 tenured generation   total 44396K, used 14006K [0x08da0000, 0x0b8fb000, 0x13850000)
   the space 44396K,  31% used [0x08da0000, 0x09b4dbb8, 0x09b4dc00, 0x0b8fb000)
 compacting perm gen  total 12288K, used 11301K [0x13850000, 0x14450000, 0x17850000)
   the space 12288K,  91% used [0x13850000, 0x14359768, 0x14359800, 0x14450000)
No shared spaces configured.
}
Event: 11.368 GC heap before
{Heap before GC invocations=64 (full 6):
 def new generation   total 20096K, used 14279K [0x03850000, 0x04e10000, 0x08da0000)
  eden space 17920K,  79% used [0x03850000, 0x04641f58, 0x049d0000)
  from space 2176K,   0% used [0x049d0000, 0x049d0000, 0x04bf0000)
  to   space 2176K,   0% used [0x04bf0000, 0x04bf0000, 0x04e10000)
 tenured generation   total 44396K, used 14006K [0x08da0000, 0x0b8fb000, 0x13850000)
   the space 44396K,  31% used [0x08da0000, 0x09b4dbb8, 0x09b4dc00, 0x0b8fb000)
 compacting perm gen  total 12288K, used 11301K [0x13850000, 0x14450000, 0x17850000)
   the space 12288K,  91% used [0x13850000, 0x14359768, 0x14359800, 0x14450000)
No shared spaces configured.
Event: 11.369 GC heap after
Heap after GC invocations=65 (full 6):
 def new generation   total 20096K, used 200K [0x03850000, 0x04e10000, 0x08da0000)
  eden space 17920K,   0% used [0x03850000, 0x03850000, 0x049d0000)
  from space 2176K,   9% used [0x04bf0000, 0x04c220f8, 0x04e10000)
  to   space 2176K,   0% used [0x049d0000, 0x049d0000, 0x04bf0000)
 tenured generation   total 44396K, used 14006K [0x08da0000, 0x0b8fb000, 0x13850000)
   the space 44396K,  31% used [0x08da0000, 0x09b4dbb8, 0x09b4dc00, 0x0b8fb000)
 compacting perm gen  total 12288K, used 11301K [0x13850000, 0x14450000, 0x17850000)
   the space 12288K,  91% used [0x13850000, 0x14359768, 0x14359800, 0x14450000)
No shared spaces configured.
}
Event: 14.040 GC heap before
{Heap before GC invocations=65 (full 6):
 def new generation   total 20096K, used 17759K [0x03850000, 0x04e10000, 0x08da0000)
  eden space 17920K,  97% used [0x03850000, 0x04975de0, 0x049d0000)
  from space 2176K,   9% used [0x04bf0000, 0x04c220f8, 0x04e10000)
  to   space 2176K,   0% used [0x049d0000, 0x049d0000, 0x04bf0000)
 tenured generation   total 44396K, used 14006K [0x08da0000, 0x0b8fb000, 0x13850000)
   the space 44396K,  31% used [0x08da0000, 0x09b4dbb8, 0x09b4dc00, 0x0b8fb000)
 compacting perm gen  total 12288K, used 11563K [0x13850000, 0x14450000, 0x17850000)
   the space 12288K,  94% used [0x13850000, 0x1439af60, 0x1439b000, 0x14450000)
No shared spaces configured.
Event: 14.044 GC heap after
Heap after GC invocations=66 (full 6):
 def new generation   total 20096K, used 738K [0x03850000, 0x04e10000, 0x08da0000)
  eden space 17920K,   0% used [0x03850000, 0x03850000, 0x049d0000)
  from space 2176K,  33% used [0x049d0000, 0x04a88ae8, 0x04bf0000)
  to   space 2176K,   0% used [0x04bf0000, 0x04bf0000, 0x04e10000)
 tenured generation   total 44396K, used 14006K [0x08da0000, 0x0b8fb000, 0x13850000)
   the space 44396K,  31% used [0x08da0000, 0x09b4dbb8, 0x09b4dc00, 0x0b8fb000)
 compacting perm gen  total 12288K, used 11563K [0x13850000, 0x14450000, 0x17850000)
   the space 12288K,  94% used [0x13850000, 0x1439af60, 0x1439b000, 0x14450000)
No shared spaces configured.
}

